BLASTP 2.9.0+


Reference: Stephen F. Altschul, Thomas L. Madden, Alejandro A.
Schaffer, Jinghui Zhang, Zheng Zhang, Webb Miller, and David J.
Lipman (1997), "Gapped BLAST and PSI-BLAST: a new generation of
protein database search programs", Nucleic Acids Res. 25:3389-3402.


Reference for composition-based statistics: Alejandro A. Schaffer,
L. Aravind, Thomas L. Madden, Sergei Shavirin, John L. Spouge, Yuri
I. Wolf, Eugene V. Koonin, and Stephen F. Altschul (2001),
"Improving the accuracy of PSI-BLAST protein database searches with
composition-based statistics and other refinements", Nucleic Acids
Res. 29:2994-3005.



Database: refseqs/new_spike_ref.fas
           1 sequences; 1,273 total letters



Query= test

Length=23
                                                                      Score        E
Sequences producing significant alignments:                          (Bits)     Value

surface                                                               52.8       9e-15



Query_1  1     QGVNCT--EVPVAIHADQLTPTWRV  23
0        613   .D....--.................  635
0        1171   .I.AS--V.NIQKEI.R.        1186
0        232    .I.I.RFQTLL.L.RSY...      251


Lambda      K        H        a         alpha
   0.320    0.132    0.447    0.792     4.96 

Gapped
Lambda      K        H        a         alpha    sigma
   0.267   0.0410    0.140     1.90     42.6     43.6 

Effective search space used: 29279


  Database: refseqs/new_spike_ref.fas
    Posted date:  May 1, 2021  5:11 PM
  Number of letters in database: 1,273
  Number of sequences in database:  1



Matrix: BLOSUM62
Gap Penalties: Existence: 11, Extension: 1
Neighboring words threshold: 11
Window for multiple hits: 40
